{"level":"http","message":"Mon Aug 05 2024 GET /login","timestamp":"2024-08-06T01:10:21.080Z"}
{"level":"http","message":"Mon Aug 05 2024 GET /favicon.ico","timestamp":"2024-08-06T01:10:21.228Z"}
{"level":"http","message":"Mon Aug 05 2024 GET /loggerTest","timestamp":"2024-08-06T01:31:01.611Z"}
{"level":"http","message":"Mon Aug 05 2024 GET /loggerTest","timestamp":"2024-08-06T01:36:27.733Z"}
{"level":"http","message":"Mon Aug 05 2024 GET /","timestamp":"2024-08-06T01:36:27.735Z"}
{"level":"http","message":"Mon Aug 05 2024 GET /loggerTest","timestamp":"2024-08-06T01:36:59.417Z"}
{"level":"http","message":"Mon Aug 05 2024 GET /","timestamp":"2024-08-06T01:36:59.417Z"}
{"level":"http","message":"Mon Aug 05 2024 GET /loggerTest","timestamp":"2024-08-06T01:37:10.045Z"}
{"level":"http","message":"Mon Aug 05 2024 GET /","timestamp":"2024-08-06T01:37:10.047Z"}
{"level":"debug","message":"This is a debug log","timestamp":"2024-08-06T01:37:10.047Z"}
{"level":"http","message":"This is an http log","timestamp":"2024-08-06T01:37:10.047Z"}
{"level":"info","message":"This is an info log","timestamp":"2024-08-06T01:37:10.047Z"}
{"level":"warning","message":"This is a warning log","timestamp":"2024-08-06T01:37:10.048Z"}
{"level":"error","message":"This is an error log","timestamp":"2024-08-06T01:37:10.048Z"}
{"level":"http","message":"Mon Aug 05 2024 POST /api/users","timestamp":"2024-08-06T01:49:30.163Z"}
{"level":"http","message":"Mon Aug 05 2024 POST /api/users","timestamp":"2024-08-06T01:52:28.337Z"}
{"level":"http","message":"Mon Aug 05 2024 GET /loggerTest","timestamp":"2024-08-06T02:00:22.152Z"}
{"level":"error","message":"date: Mon Aug 05 2024 23:00:22 | method: GET | ip: ::1 | url: /loggerTest | user: undefined","timestamp":"2024-08-06T02:00:22.231Z"}
{"level":"warning","message":"date: Mon Aug 05 2024 23:00:22 | method: GET | ip: ::1 | url: /loggerTest | user: undefined","timestamp":"2024-08-06T02:00:22.232Z"}
{"level":"info","message":"date: Mon Aug 05 2024 23:00:22 | method: GET | ip: ::1 | url: /loggerTest | user: undefined","timestamp":"2024-08-06T02:00:22.232Z"}
{"level":"http","message":"date: Mon Aug 05 2024 23:00:22 | method: GET | ip: ::1 | url: /loggerTest | user: undefined","timestamp":"2024-08-06T02:00:22.232Z"}
{"level":"debug","message":"date: Mon Aug 05 2024 23:00:22 | method: GET | ip: ::1 | url: /loggerTest | user: undefined","timestamp":"2024-08-06T02:00:22.233Z"}
{"level":"http","message":"Mon Aug 05 2024 GET /loggerTest","timestamp":"2024-08-06T02:02:03.652Z"}
{"level":"http","message":"Mon Aug 05 2024 GET /","timestamp":"2024-08-06T02:02:03.654Z"}
{"level":"error","message":"date: Mon Aug 05 2024 23:02:03 | method: GET | ip: ::1 | url: / | user: undefined","timestamp":"2024-08-06T02:02:03.674Z"}
{"level":"warning","message":"date: Mon Aug 05 2024 23:02:03 | method: GET | ip: ::1 | url: / | user: undefined","timestamp":"2024-08-06T02:02:03.674Z"}
{"level":"info","message":"date: Mon Aug 05 2024 23:02:03 | method: GET | ip: ::1 | url: / | user: undefined","timestamp":"2024-08-06T02:02:03.674Z"}
{"level":"http","message":"date: Mon Aug 05 2024 23:02:03 | method: GET | ip: ::1 | url: / | user: undefined","timestamp":"2024-08-06T02:02:03.675Z"}
{"level":"debug","message":"date: Mon Aug 05 2024 23:02:03 | method: GET | ip: ::1 | url: / | user: undefined","timestamp":"2024-08-06T02:02:03.675Z"}
{"level":"http","message":"Fri Aug 16 2024 GET /login","timestamp":"2024-08-16T14:57:49.333Z"}
{"level":"http","message":"Fri Aug 16 2024 GET /favicon.ico","timestamp":"2024-08-16T14:57:49.728Z"}
{"level":"http","message":"Fri Aug 16 2024 POST /api/auth/login","timestamp":"2024-08-16T14:58:44.439Z"}
{"level":"http","message":"Fri Aug 16 2024 POST /api/auth/login","timestamp":"2024-08-16T15:00:05.034Z"}
{"level":"http","message":"Fri Aug 16 2024 POST /api/auth/login","timestamp":"2024-08-16T15:01:33.640Z"}
{"level":"http","message":"Fri Aug 16 2024 GET /login","timestamp":"2024-08-16T15:01:37.177Z"}
{"level":"http","message":"Fri Aug 16 2024 GET /api/auth/ghlogin","timestamp":"2024-08-16T15:01:38.674Z"}
{"level":"http","message":"Fri Aug 16 2024 GET /api/auth/ghlogincallback?code=4572db890562440d54a4","timestamp":"2024-08-16T15:01:39.179Z"}
{"level":"http","message":"Fri Aug 16 2024 GET /api/auth/ghlogin","timestamp":"2024-08-16T15:01:39.602Z"}
{"level":"http","message":"Fri Aug 16 2024 GET /api/auth/ghlogincallback?code=a955c3821222f653e127","timestamp":"2024-08-16T15:01:39.951Z"}
{"level":"http","message":"Fri Aug 16 2024 GET /profile","timestamp":"2024-08-16T15:01:40.712Z"}
{"level":"http","message":"Fri Aug 16 2024 GET /api/products/products","timestamp":"2024-08-16T15:01:48.247Z"}
{"level":"http","message":"Fri Aug 16 2024 GET /api/product","timestamp":"2024-08-16T15:01:50.813Z"}
{"level":"http","message":"Fri Aug 16 2024 GET /api/products/products","timestamp":"2024-08-16T15:02:03.662Z"}
{"level":"http","message":"Fri Aug 16 2024 GET /api/products/products","timestamp":"2024-08-16T15:03:16.981Z"}
{"level":"http","message":"Fri Aug 16 2024 GET /api/products/products","timestamp":"2024-08-16T15:04:51.445Z"}
{"level":"http","message":"Fri Aug 16 2024 GET /api/products/products","timestamp":"2024-08-16T15:05:15.267Z"}
{"level":"http","message":"Fri Aug 16 2024 GET /login","timestamp":"2024-08-16T15:14:49.731Z"}
{"level":"http","message":"Fri Aug 16 2024 POST /api/auth/jwtlogin","timestamp":"2024-08-16T15:14:55.595Z"}
{"level":"http","message":"Fri Aug 16 2024 POST /api/auth/jwtlogin","timestamp":"2024-08-16T15:15:23.250Z"}
{"level":"http","message":"Fri Aug 16 2024 GET /login","timestamp":"2024-08-16T15:15:36.681Z"}
{"level":"http","message":"Fri Aug 16 2024 POST /api/auth/jwtlogin","timestamp":"2024-08-16T15:15:41.318Z"}
{"level":"http","message":"Fri Aug 16 2024 POST /api/auth/jwtlogin","timestamp":"2024-08-16T15:15:50.547Z"}
{"level":"http","message":"Fri Aug 16 2024 GET /login","timestamp":"2024-08-16T15:16:13.712Z"}
{"level":"http","message":"Fri Aug 16 2024 GET /login","timestamp":"2024-08-16T15:16:14.603Z"}
{"level":"http","message":"Fri Aug 16 2024 POST /api/auth/pplogin","timestamp":"2024-08-16T15:16:31.566Z"}
{"level":"http","message":"Fri Aug 16 2024 GET /login","timestamp":"2024-08-16T15:18:50.234Z"}
{"level":"http","message":"Fri Aug 16 2024 POST /api/auth/pplogin","timestamp":"2024-08-16T15:18:57.076Z"}
{"level":"http","message":"Fri Aug 16 2024 GET /login","timestamp":"2024-08-16T15:20:43.211Z"}
{"level":"http","message":"Fri Aug 16 2024 POST /api/auth/pplogin","timestamp":"2024-08-16T15:20:48.315Z"}
{"level":"http","message":"Fri Aug 16 2024 GET /login","timestamp":"2024-08-16T15:21:34.156Z"}
{"level":"http","message":"Fri Aug 16 2024 POST /api/auth/login","timestamp":"2024-08-16T15:21:40.937Z"}
{"level":"http","message":"Fri Aug 16 2024 GET /login","timestamp":"2024-08-16T15:26:43.795Z"}
{"level":"http","message":"Fri Aug 16 2024 POST /api/auth/login","timestamp":"2024-08-16T15:26:48.985Z"}
{"level":"http","message":"Fri Aug 16 2024 GET /login","timestamp":"2024-08-16T15:28:20.560Z"}
{"level":"http","message":"Fri Aug 16 2024 POST /api/auth/login","timestamp":"2024-08-16T15:28:26.465Z"}
{"level":"http","message":"Fri Aug 16 2024 POST /api/auth/login","timestamp":"2024-08-16T15:28:44.347Z"}
{"level":"http","message":"Fri Aug 16 2024 GET /login","timestamp":"2024-08-16T15:29:36.029Z"}
{"level":"http","message":"Fri Aug 16 2024 GET /register","timestamp":"2024-08-16T15:29:39.629Z"}
{"level":"http","message":"Fri Aug 16 2024 POST /api/auth/login","timestamp":"2024-08-16T15:29:54.042Z"}
{"level":"http","message":"Fri Aug 16 2024 POST /api/auth/login","timestamp":"2024-08-16T15:30:02.918Z"}
{"level":"http","message":"Fri Aug 16 2024 POST /api/auth/login","timestamp":"2024-08-16T15:30:14.573Z"}
{"level":"http","message":"Sat Aug 17 2024 GET /login","timestamp":"2024-08-17T03:01:23.846Z"}
{"level":"http","message":"Sat Aug 17 2024 GET /favicon.ico","timestamp":"2024-08-17T03:01:23.970Z"}
{"level":"http","message":"Sat Aug 17 2024 POST /api/auth/login","timestamp":"2024-08-17T03:01:29.210Z"}
{"level":"http","message":"Sat Aug 17 2024 GET /login","timestamp":"2024-08-17T03:04:45.665Z"}
{"level":"http","message":"Sat Aug 17 2024 POST /api/auth/login","timestamp":"2024-08-17T03:04:52.558Z"}
{"level":"http","message":"Sat Aug 17 2024 GET /login","timestamp":"2024-08-17T03:05:40.956Z"}
{"level":"http","message":"Sat Aug 17 2024 POST /api/auth/login","timestamp":"2024-08-17T03:05:51.253Z"}
{"level":"http","message":"Sat Aug 17 2024 GET /login","timestamp":"2024-08-17T03:08:03.800Z"}
{"level":"http","message":"Sat Aug 17 2024 POST /api/auth/login","timestamp":"2024-08-17T03:08:09.548Z"}
{"level":"http","message":"Sat Aug 17 2024 GET /login","timestamp":"2024-08-17T03:08:35.717Z"}
{"level":"http","message":"Sat Aug 17 2024 GET /api/products/products","timestamp":"2024-08-17T03:08:39.366Z"}
{"level":"http","message":"Sat Aug 17 2024 GET /api/auth/logout?","timestamp":"2024-08-17T03:08:40.608Z"}
{"level":"http","message":"Sat Aug 17 2024 GET /login","timestamp":"2024-08-17T03:08:40.614Z"}
{"level":"http","message":"Sat Aug 17 2024 GET /api/auth/ghlogin","timestamp":"2024-08-17T03:08:45.219Z"}
{"level":"http","message":"Sat Aug 17 2024 GET /api/auth/ghlogincallback?code=1a5499408d728a228f92","timestamp":"2024-08-17T03:08:45.714Z"}
{"level":"http","message":"Sat Aug 17 2024 GET /profile","timestamp":"2024-08-17T03:08:46.712Z"}
{"level":"http","message":"Sat Aug 17 2024 GET /api/products/products","timestamp":"2024-08-17T03:08:50.329Z"}
{"level":"http","message":"Sat Aug 17 2024 GET /api/products/products","timestamp":"2024-08-17T03:09:55.837Z"}
{"level":"http","message":"Sat Aug 17 2024 GET /api/products/products","timestamp":"2024-08-17T03:09:57.501Z"}
{"level":"http","message":"Sat Aug 17 2024 GET /api/products/products","timestamp":"2024-08-17T03:11:40.049Z"}
{"level":"http","message":"Sat Aug 17 2024 GET /api/products/products","timestamp":"2024-08-17T03:14:05.647Z"}
{"level":"http","message":"Sat Aug 17 2024 GET /api/products/products","timestamp":"2024-08-17T03:14:07.137Z"}
{"level":"http","message":"Sat Aug 17 2024 GET /api/products/products","timestamp":"2024-08-17T03:14:07.916Z"}
{"level":"http","message":"Sat Aug 17 2024 GET /api/products/products","timestamp":"2024-08-17T03:14:08.605Z"}
{"level":"http","message":"Sat Aug 17 2024 GET /api/products/products","timestamp":"2024-08-17T03:16:01.885Z"}
{"level":"http","message":"Sat Aug 17 2024 GET /api/products/products","timestamp":"2024-08-17T03:16:19.088Z"}
{"level":"http","message":"Sat Aug 17 2024 GET /api/products/products","timestamp":"2024-08-17T03:16:36.490Z"}
{"level":"http","message":"Sat Aug 17 2024 GET /api/products/products","timestamp":"2024-08-17T03:16:40.923Z"}
{"level":"http","message":"Sat Aug 17 2024 GET /api/auth/logout?","timestamp":"2024-08-17T03:16:55.164Z"}
{"level":"http","message":"Sat Aug 17 2024 GET /login","timestamp":"2024-08-17T03:16:55.173Z"}
{"level":"http","message":"Sat Aug 17 2024 POST /api/auth/login","timestamp":"2024-08-17T03:17:01.961Z"}
{"level":"http","message":"Sat Aug 17 2024 GET /profile","timestamp":"2024-08-17T03:17:09.823Z"}
{"level":"http","message":"Sat Aug 17 2024 GET /login","timestamp":"2024-08-17T03:18:59.704Z"}
{"level":"http","message":"Sat Aug 17 2024 POST /api/auth/login","timestamp":"2024-08-17T03:19:03.958Z"}
{"level":"http","message":"Sat Aug 17 2024 GET /profile","timestamp":"2024-08-17T03:19:21.800Z"}
{"level":"http","message":"Sat Aug 17 2024 GET /profile","timestamp":"2024-08-17T03:20:20.064Z"}
{"level":"http","message":"Sat Aug 17 2024 GET /profile","timestamp":"2024-08-17T03:20:21.514Z"}
{"level":"http","message":"Sat Aug 17 2024 GET /login","timestamp":"2024-08-17T03:20:38.144Z"}
{"level":"http","message":"Sat Aug 17 2024 POST /api/auth/login","timestamp":"2024-08-17T03:20:42.929Z"}
{"level":"http","message":"Sat Aug 17 2024 GET /profile","timestamp":"2024-08-17T03:20:49.049Z"}
{"level":"http","message":"Sat Aug 17 2024 GET /login","timestamp":"2024-08-17T03:20:49.054Z"}
{"level":"http","message":"Sat Aug 17 2024 GET /profile","timestamp":"2024-08-17T03:20:51.361Z"}
{"level":"http","message":"Sat Aug 17 2024 GET /login","timestamp":"2024-08-17T03:20:51.366Z"}
{"level":"http","message":"Sat Aug 17 2024 POST /api/auth/login","timestamp":"2024-08-17T03:20:58.382Z"}
{"level":"http","message":"Sat Aug 17 2024 GET /login","timestamp":"2024-08-17T03:22:10.531Z"}
{"level":"http","message":"Sat Aug 17 2024 GET /api/auth/ghlogin","timestamp":"2024-08-17T03:22:11.722Z"}
{"level":"http","message":"Sat Aug 17 2024 GET /api/auth/ghlogincallback?code=887dea9fc63af92ac5df","timestamp":"2024-08-17T03:22:12.083Z"}
{"level":"http","message":"Sat Aug 17 2024 GET /profile","timestamp":"2024-08-17T03:22:13.125Z"}
{"level":"http","message":"Sat Aug 17 2024 GET /api/products/products","timestamp":"2024-08-17T03:22:21.048Z"}
{"level":"http","message":"Sat Aug 17 2024 GET /api/products/products","timestamp":"2024-08-17T03:38:09.376Z"}
{"level":"http","message":"Sat Aug 17 2024 GET /api/auth/logout?","timestamp":"2024-08-17T03:38:13.145Z"}
{"level":"http","message":"Sat Aug 17 2024 GET /login","timestamp":"2024-08-17T03:38:13.150Z"}
{"level":"http","message":"Sat Aug 17 2024 GET /api/auth/ghlogin","timestamp":"2024-08-17T03:38:14.919Z"}
{"level":"http","message":"Sat Aug 17 2024 GET /api/auth/ghlogincallback?code=fc74e16df883fc7432af","timestamp":"2024-08-17T03:38:15.472Z"}
{"level":"http","message":"Sat Aug 17 2024 GET /profile","timestamp":"2024-08-17T03:38:16.527Z"}
{"level":"http","message":"Sat Aug 17 2024 GET /api/products/products","timestamp":"2024-08-17T03:38:19.158Z"}
{"level":"http","message":"Sat Aug 17 2024 GET /api/auth/logout?","timestamp":"2024-08-17T03:38:21.518Z"}
{"level":"http","message":"Sat Aug 17 2024 GET /login","timestamp":"2024-08-17T03:38:21.522Z"}
{"level":"http","message":"Sat Aug 17 2024 POST /api/auth/login","timestamp":"2024-08-17T03:38:30.050Z"}
{"level":"http","message":"Sat Aug 17 2024 POST /api/auth/login","timestamp":"2024-08-17T03:38:38.329Z"}
{"level":"http","message":"Sat Aug 17 2024 GET /login","timestamp":"2024-08-17T04:26:26.666Z"}
{"level":"http","message":"Sat Aug 17 2024 POST /api/auth/login","timestamp":"2024-08-17T04:26:31.609Z"}
{"level":"http","message":"Sat Aug 17 2024 GET /api/products/products","timestamp":"2024-08-17T04:26:45.138Z"}
{"level":"http","message":"Sat Aug 17 2024 GET /api/products/products","timestamp":"2024-08-17T04:27:18.727Z"}
{"level":"http","message":"Sat Aug 17 2024 GET /api/auth/logout?","timestamp":"2024-08-17T04:33:20.819Z"}
{"level":"http","message":"Sat Aug 17 2024 GET /login","timestamp":"2024-08-17T04:33:20.825Z"}
{"level":"http","message":"Sat Aug 17 2024 POST /api/auth/login","timestamp":"2024-08-17T04:33:25.199Z"}
{"level":"http","message":"Sat Aug 17 2024 GET /api/auth/admin","timestamp":"2024-08-17T04:33:44.963Z"}
{"level":"http","message":"Sat Aug 17 2024 GET /login","timestamp":"2024-08-17T04:34:21.478Z"}
{"level":"http","message":"Sat Aug 17 2024 GET /api/auth/ghlogin","timestamp":"2024-08-17T04:34:24.479Z"}
{"level":"http","message":"Sat Aug 17 2024 GET /api/auth/ghlogincallback?code=af906c7f12670da55511","timestamp":"2024-08-17T04:34:24.985Z"}
{"level":"http","message":"Sat Aug 17 2024 GET /profile","timestamp":"2024-08-17T04:34:26.022Z"}
{"level":"http","message":"Sat Aug 17 2024 GET /api/products/products","timestamp":"2024-08-17T04:34:29.532Z"}
{"level":"http","message":"Sat Aug 17 2024 GET /api/auth/admin","timestamp":"2024-08-17T04:34:38.986Z"}
{"level":"http","message":"Sat Aug 17 2024 GET /api/auth/admin","timestamp":"2024-08-17T04:34:49.927Z"}
{"level":"http","message":"Sat Aug 17 2024 GET /api/auth/admin","timestamp":"2024-08-17T04:34:50.643Z"}
{"level":"http","message":"Sat Aug 17 2024 GET /login","timestamp":"2024-08-17T04:34:57.172Z"}
{"level":"http","message":"Sat Aug 17 2024 GET /api/products/products","timestamp":"2024-08-17T04:34:57.176Z"}
{"level":"http","message":"Sat Aug 17 2024 GET /api/auth/logout?","timestamp":"2024-08-17T04:34:58.585Z"}
{"level":"http","message":"Sat Aug 17 2024 GET /login","timestamp":"2024-08-17T04:34:58.589Z"}
{"level":"http","message":"Sat Aug 17 2024 GET /api/auth/ghlogin","timestamp":"2024-08-17T04:34:59.910Z"}
{"level":"http","message":"Sat Aug 17 2024 GET /api/auth/ghlogincallback?code=aa844b99cd0ff7dcc3b6","timestamp":"2024-08-17T04:35:00.429Z"}
{"level":"http","message":"Sat Aug 17 2024 GET /profile","timestamp":"2024-08-17T04:35:01.472Z"}
{"level":"http","message":"Sat Aug 17 2024 GET /api/products/products","timestamp":"2024-08-17T04:35:04.269Z"}
{"level":"http","message":"Sat Aug 17 2024 GET /api/auth/admin","timestamp":"2024-08-17T04:35:13.898Z"}
{"level":"http","message":"Sat Aug 17 2024 GET /login","timestamp":"2024-08-17T04:38:18.347Z"}
{"level":"http","message":"Sat Aug 17 2024 GET /api/auth/ghlogin","timestamp":"2024-08-17T04:38:24.807Z"}
{"level":"http","message":"Sat Aug 17 2024 GET /api/auth/ghlogincallback?code=a1d5098ebe8dfee6958c","timestamp":"2024-08-17T04:38:25.310Z"}
{"level":"http","message":"Sat Aug 17 2024 GET /profile","timestamp":"2024-08-17T04:38:26.328Z"}
{"level":"http","message":"Sat Aug 17 2024 GET /api/products/products","timestamp":"2024-08-17T04:38:29.014Z"}
{"level":"http","message":"Sat Aug 17 2024 GET /api/auth/admin","timestamp":"2024-08-17T04:38:37.993Z"}
{"level":"http","message":"Sat Aug 17 2024 GET /api/auth/logout?","timestamp":"2024-08-17T04:38:50.296Z"}
{"level":"http","message":"Sat Aug 17 2024 GET /login","timestamp":"2024-08-17T04:38:50.301Z"}
{"level":"http","message":"Sat Aug 17 2024 POST /api/auth/login","timestamp":"2024-08-17T04:38:58.833Z"}
{"level":"http","message":"Sat Aug 17 2024 GET /api/auth/admin","timestamp":"2024-08-17T04:39:04.479Z"}
{"level":"http","message":"Sat Aug 17 2024 GET /api/auth/admin","timestamp":"2024-08-17T04:39:04.645Z"}
{"level":"http","message":"Sat Aug 17 2024 GET /login","timestamp":"2024-08-17T04:39:38.036Z"}
{"level":"http","message":"Sat Aug 17 2024 POST /api/auth/login","timestamp":"2024-08-17T04:39:55.895Z"}
{"level":"http","message":"Sat Aug 17 2024 GET /api/users/resetpassword","timestamp":"2024-08-17T04:40:22.818Z"}
{"level":"http","message":"Mon Aug 19 2024 GET /api/docs","timestamp":"2024-08-19T03:44:49.292Z"}
{"level":"http","message":"Mon Aug 19 2024 GET /api/docs/","timestamp":"2024-08-19T03:44:49.301Z"}
{"level":"http","message":"Mon Aug 19 2024 GET /api/docs/swagger-ui.css","timestamp":"2024-08-19T03:44:49.343Z"}
{"level":"http","message":"Mon Aug 19 2024 GET /api/docs/swagger-ui-bundle.js","timestamp":"2024-08-19T03:44:49.352Z"}
{"level":"http","message":"Mon Aug 19 2024 GET /api/docs/swagger-ui-standalone-preset.js","timestamp":"2024-08-19T03:44:49.364Z"}
{"level":"http","message":"Mon Aug 19 2024 GET /api/docs/swagger-ui-init.js","timestamp":"2024-08-19T03:44:49.365Z"}
{"level":"http","message":"Mon Aug 19 2024 GET /api/docs/favicon-32x32.png","timestamp":"2024-08-19T03:44:49.614Z"}
{"level":"http","message":"Mon Aug 19 2024 GET /api/carts","timestamp":"2024-08-19T03:45:25.619Z"}
{"level":"http","message":"Mon Aug 19 2024 GET /api/products","timestamp":"2024-08-19T03:45:44.589Z"}
{"level":"http","message":"Wed Aug 28 2024 GET /login","timestamp":"2024-08-28T20:48:59.456Z"}
{"level":"http","message":"Wed Aug 28 2024 GET /api/auth/ghlogin","timestamp":"2024-08-28T20:49:01.797Z"}
{"level":"http","message":"Wed Aug 28 2024 GET /api/auth/ghlogincallback?code=0e14562ba399f0eb4fef","timestamp":"2024-08-28T20:49:02.311Z"}
{"level":"http","message":"Wed Aug 28 2024 GET /profile","timestamp":"2024-08-28T20:49:03.393Z"}
{"level":"http","message":"Wed Aug 28 2024 POST /api/auth/register","timestamp":"2024-08-28T20:49:14.212Z"}
{"level":"http","message":"Wed Aug 28 2024 POST /api/auth/register","timestamp":"2024-08-28T20:49:14.267Z"}
{"level":"http","message":"Wed Aug 28 2024 POST /api/auth/login","timestamp":"2024-08-28T20:49:14.297Z"}
{"level":"http","message":"Wed Aug 28 2024 GET /api/sessions/current","timestamp":"2024-08-28T20:49:14.392Z"}
{"level":"http","message":"Wed Aug 28 2024 GET /api/auth/logout?","timestamp":"2024-08-28T20:50:15.531Z"}
{"level":"http","message":"Wed Aug 28 2024 GET /login","timestamp":"2024-08-28T20:50:15.535Z"}
{"level":"http","message":"Wed Aug 28 2024 GET /api/auth/ghlogin","timestamp":"2024-08-28T20:50:17.378Z"}
{"level":"http","message":"Wed Aug 28 2024 GET /api/auth/ghlogincallback?code=f739a9352e8cea7029d8","timestamp":"2024-08-28T20:50:17.887Z"}
{"level":"http","message":"Wed Aug 28 2024 GET /profile","timestamp":"2024-08-28T20:50:19.016Z"}
{"level":"http","message":"Wed Aug 28 2024 GET /api/auth/logout?","timestamp":"2024-08-28T20:50:23.936Z"}
{"level":"http","message":"Wed Aug 28 2024 GET /login","timestamp":"2024-08-28T20:50:23.940Z"}
{"level":"http","message":"Wed Aug 28 2024 POST /api/auth/login","timestamp":"2024-08-28T20:50:28.219Z"}
{"level":"http","message":"Wed Aug 28 2024 POST /api/auth/register","timestamp":"2024-08-28T21:00:34.874Z"}
{"level":"http","message":"Wed Aug 28 2024 POST /api/auth/register","timestamp":"2024-08-28T21:00:34.914Z"}
{"level":"http","message":"Wed Aug 28 2024 POST /api/auth/login","timestamp":"2024-08-28T21:00:34.943Z"}
{"level":"http","message":"Wed Aug 28 2024 GET /api/sessions/current","timestamp":"2024-08-28T21:00:35.028Z"}
{"level":"http","message":"Wed Aug 28 2024 POST /api/auth/register","timestamp":"2024-08-28T21:03:41.311Z"}
{"level":"http","message":"Wed Aug 28 2024 POST /api/auth/register","timestamp":"2024-08-28T21:03:41.343Z"}
{"level":"http","message":"Wed Aug 28 2024 POST /api/auth/login","timestamp":"2024-08-28T21:03:41.381Z"}
{"level":"http","message":"Wed Aug 28 2024 GET /api/sessions/current","timestamp":"2024-08-28T21:03:41.475Z"}
{"level":"http","message":"Tue Sep 03 2024 GET /login","timestamp":"2024-09-03T22:25:49.695Z"}
{"level":"http","message":"Tue Sep 03 2024 POST /api/auth/login","timestamp":"2024-09-03T22:26:02.639Z"}
{"level":"http","message":"Tue Sep 03 2024 GET /login","timestamp":"2024-09-03T22:26:12.404Z"}
{"level":"http","message":"Tue Sep 03 2024 POST /api/auth/login","timestamp":"2024-09-03T22:26:55.711Z"}
{"level":"http","message":"Tue Sep 03 2024 GET /login","timestamp":"2024-09-03T22:27:07.566Z"}
{"level":"http","message":"Tue Sep 03 2024 POST /api/auth/login","timestamp":"2024-09-03T22:27:13.995Z"}
{"level":"http","message":"Tue Sep 03 2024 GET /login","timestamp":"2024-09-03T22:29:26.762Z"}
{"level":"http","message":"Tue Sep 03 2024 POST /api/auth/login","timestamp":"2024-09-03T22:29:33.968Z"}
{"level":"http","message":"Tue Sep 03 2024 GET /profile","timestamp":"2024-09-03T22:29:41.692Z"}
{"level":"http","message":"Tue Sep 03 2024 GET /login","timestamp":"2024-09-03T22:29:41.697Z"}
{"level":"http","message":"Tue Sep 03 2024 GET /api/products/products","timestamp":"2024-09-03T22:29:48.540Z"}
{"level":"http","message":"Tue Sep 03 2024 GET /api/auth/logout?","timestamp":"2024-09-03T22:29:59.705Z"}
{"level":"http","message":"Tue Sep 03 2024 GET /login","timestamp":"2024-09-03T22:29:59.710Z"}
{"level":"http","message":"Wed Sep 04 2024 GET /api/carts","timestamp":"2024-09-05T00:33:35.131Z"}
{"level":"http","message":"Wed Sep 04 2024 GET /api/carts/66580ec7d44997a22f1874ee","timestamp":"2024-09-05T00:34:22.264Z"}
{"level":"http","message":"Wed Sep 04 2024 GET /favicon.ico","timestamp":"2024-09-05T00:34:22.535Z"}
{"level":"http","message":"Wed Sep 04 2024 GET /api/carts/purchase/66580ec7d44997a22f1874ee","timestamp":"2024-09-05T00:34:55.566Z"}
{"level":"http","message":"Wed Sep 04 2024 GET /api/carts","timestamp":"2024-09-05T00:36:42.375Z"}
{"level":"http","message":"Wed Sep 04 2024 GET /api/carts/purchase/66580ec7d44997a22f1874ee","timestamp":"2024-09-05T00:36:50.303Z"}
{"level":"http","message":"Wed Sep 04 2024 GET /api/carts/66580ec7d44997a22f1874ee/purchase","timestamp":"2024-09-05T00:37:00.447Z"}
{"level":"http","message":"Wed Sep 04 2024 GET /api/carts/66580ec7d44997a22f1874ee","timestamp":"2024-09-05T00:38:05.608Z"}
{"level":"http","message":"Wed Sep 04 2024 GET /api/carts/carts/66580ec7d44997a22f1874ee","timestamp":"2024-09-05T00:43:03.951Z"}
{"level":"http","message":"Wed Sep 04 2024 POST /api/carts//purchase","timestamp":"2024-09-05T00:46:42.413Z"}
{"level":"http","message":"Wed Sep 04 2024 POST /api/carts//purchase","timestamp":"2024-09-05T00:47:12.166Z"}
{"level":"http","message":"Wed Sep 04 2024 GET /api/carts/carts/66580ec7d44997a22f1874ee","timestamp":"2024-09-05T00:48:43.183Z"}
{"level":"http","message":"Wed Sep 04 2024 POST /api/carts//purchase","timestamp":"2024-09-05T00:48:44.842Z"}
{"level":"http","message":"Wed Sep 04 2024 GET /api/carts/carts/66580ec7d44997a22f1874ee","timestamp":"2024-09-05T00:50:36.564Z"}
{"level":"http","message":"Wed Sep 04 2024 POST /api/carts//purchase","timestamp":"2024-09-05T00:50:38.513Z"}
{"level":"http","message":"Wed Sep 04 2024 GET /api/carts/carts/66580ec7d44997a22f1874ee","timestamp":"2024-09-05T00:52:30.110Z"}
{"level":"http","message":"Wed Sep 04 2024 POST /api/carts//purchase","timestamp":"2024-09-05T00:52:32.218Z"}
{"level":"http","message":"Wed Sep 04 2024 GET /api/carts/carts/66580ec7d44997a22f1874ee","timestamp":"2024-09-05T00:53:01.170Z"}
{"level":"http","message":"Wed Sep 04 2024 POST /api/carts//purchase","timestamp":"2024-09-05T00:53:04.344Z"}
{"level":"http","message":"Wed Sep 04 2024 GET /api/carts/carts/66580ec7d44997a22f1874ee","timestamp":"2024-09-05T00:53:41.119Z"}
{"level":"http","message":"Wed Sep 04 2024 POST /api/carts//purchase","timestamp":"2024-09-05T00:53:43.264Z"}
{"level":"http","message":"Wed Sep 04 2024 GET /api/carts/carts/66580ec7d44997a22f1874ee","timestamp":"2024-09-05T00:54:06.563Z"}
{"level":"http","message":"Wed Sep 04 2024 GET /api/carts/carts/66580ec7d44997a22f1874ee","timestamp":"2024-09-05T00:54:54.954Z"}
{"level":"http","message":"Wed Sep 04 2024 GET /api/carts/carts/66580ec7d44997a22f1874ee","timestamp":"2024-09-05T00:55:11.303Z"}
{"level":"http","message":"Wed Sep 04 2024 GET /api/carts/carts/66580ec7d44997a22f1874ee","timestamp":"2024-09-05T00:55:34.895Z"}
{"level":"http","message":"Wed Sep 04 2024 POST /api/carts/66580ec7d44997a22f1874ee/purchase","timestamp":"2024-09-05T00:55:38.049Z"}
{"level":"http","message":"Wed Sep 04 2024 GET /api/carts/carts/66580ec7d44997a22f1874ee","timestamp":"2024-09-05T00:55:45.240Z"}
{"level":"http","message":"Wed Sep 04 2024 GET /login","timestamp":"2024-09-05T00:55:53.128Z"}
{"level":"http","message":"Wed Sep 04 2024 GET /api/auth/ghlogin","timestamp":"2024-09-05T00:55:55.294Z"}
{"level":"http","message":"Wed Sep 04 2024 GET /api/auth/ghlogincallback?code=c965208109bba3d3e3a8","timestamp":"2024-09-05T00:55:55.880Z"}
{"level":"http","message":"Wed Sep 04 2024 GET /profile","timestamp":"2024-09-05T00:55:56.982Z"}
{"level":"http","message":"Wed Sep 04 2024 GET /api/carts/66580ec7d44997a22f1874ee","timestamp":"2024-09-05T00:56:06.937Z"}
{"level":"http","message":"Wed Sep 04 2024 GET /api/carts/carts/66580ec7d44997a22f1874ee","timestamp":"2024-09-05T00:56:13.026Z"}
{"level":"http","message":"Wed Sep 04 2024 POST /api/carts/66580ec7d44997a22f1874ee/purchase","timestamp":"2024-09-05T00:56:14.598Z"}
{"level":"http","message":"Wed Sep 04 2024 GET /api/carts/carts/66580ec7d44997a22f1874ee","timestamp":"2024-09-05T00:56:40.365Z"}
{"level":"http","message":"Wed Sep 04 2024 POST /api/carts/66580ec7d44997a22f1874ee/purchase","timestamp":"2024-09-05T00:56:42.756Z"}
{"level":"http","message":"Wed Sep 04 2024 GET /login","timestamp":"2024-09-05T00:56:49.833Z"}
{"level":"http","message":"Wed Sep 04 2024 GET /api/products/products","timestamp":"2024-09-05T00:56:49.839Z"}
{"level":"http","message":"Wed Sep 04 2024 GET /api/carts/carts/66580ec7d44997a22f1874ee","timestamp":"2024-09-05T00:57:03.832Z"}
{"level":"http","message":"Wed Sep 04 2024 POST /api/carts/66580ec7d44997a22f1874ee/purchase","timestamp":"2024-09-05T00:57:05.561Z"}
{"level":"http","message":"Wed Sep 04 2024 GET /api/carts/carts/66580ec7d44997a22f1874ee","timestamp":"2024-09-05T00:57:22.830Z"}
{"level":"http","message":"Wed Sep 04 2024 POST /api/carts/66580ec7d44997a22f1874ee/purchase","timestamp":"2024-09-05T00:57:24.583Z"}
{"level":"http","message":"Wed Sep 04 2024 GET /login","timestamp":"2024-09-05T00:58:55.479Z"}
{"level":"http","message":"Wed Sep 04 2024 GET /api/products/products","timestamp":"2024-09-05T00:58:55.491Z"}
{"level":"http","message":"Wed Sep 04 2024 GET /api/auth/logout?","timestamp":"2024-09-05T00:58:57.489Z"}
{"level":"http","message":"Wed Sep 04 2024 GET /login","timestamp":"2024-09-05T00:58:57.493Z"}
{"level":"http","message":"Wed Sep 04 2024 POST /api/auth/login","timestamp":"2024-09-05T00:59:02.253Z"}
{"level":"http","message":"Wed Sep 04 2024 GET /api/carts/carts/66580ec7d44997a22f1874ee","timestamp":"2024-09-05T00:59:13.175Z"}
{"level":"http","message":"Wed Sep 04 2024 POST /api/carts/66580ec7d44997a22f1874ee/purchase","timestamp":"2024-09-05T00:59:14.922Z"}
{"level":"http","message":"Wed Sep 04 2024 POST /api/carts/66580ec7d44997a22f1874ee/purchase","timestamp":"2024-09-05T00:59:14.951Z"}
{"level":"http","message":"Wed Sep 04 2024 GET /api/carts/carts/66580ec7d44997a22f1874ee","timestamp":"2024-09-05T01:01:38.519Z"}
{"level":"http","message":"Wed Sep 04 2024 POST /api/carts/66580ec7d44997a22f1874ee/purchase","timestamp":"2024-09-05T01:01:41.355Z"}
{"level":"http","message":"Wed Sep 04 2024 POST /api/carts/66580ec7d44997a22f1874ee/purchase","timestamp":"2024-09-05T01:01:41.384Z"}
{"level":"http","message":"Wed Sep 04 2024 GET /api/carts/carts/66580ec7d44997a22f1874ee","timestamp":"2024-09-05T01:02:08.388Z"}
{"level":"http","message":"Wed Sep 04 2024 POST /api/carts/66580ec7d44997a22f1874ee/purchase","timestamp":"2024-09-05T01:02:13.907Z"}
{"level":"http","message":"Wed Sep 04 2024 GET /login","timestamp":"2024-09-05T01:05:07.217Z"}
{"level":"http","message":"Wed Sep 04 2024 POST /api/auth/login","timestamp":"2024-09-05T01:05:12.934Z"}
{"level":"http","message":"Wed Sep 04 2024 GET /api/carts/carts/66580ec7d44997a22f1874ee","timestamp":"2024-09-05T01:05:30.287Z"}
{"level":"http","message":"Wed Sep 04 2024 POST /api/carts/66580ec7d44997a22f1874ee/purchase","timestamp":"2024-09-05T01:05:35.339Z"}
{"level":"http","message":"Wed Sep 04 2024 GET /api/carts/carts/66580ec7d44997a22f1874ee","timestamp":"2024-09-05T01:08:26.243Z"}
{"level":"http","message":"Wed Sep 04 2024 POST /api/carts/66580ec7d44997a22f1874ee/purchase","timestamp":"2024-09-05T01:08:27.382Z"}
{"level":"http","message":"Wed Sep 04 2024 GET /login","timestamp":"2024-09-05T01:11:21.987Z"}
{"level":"http","message":"Wed Sep 04 2024 POST /api/auth/login","timestamp":"2024-09-05T01:11:34.196Z"}
{"level":"http","message":"Wed Sep 04 2024 GET /login","timestamp":"2024-09-05T01:12:18.311Z"}
{"level":"http","message":"Wed Sep 04 2024 POST /api/auth/login","timestamp":"2024-09-05T01:12:24.508Z"}
{"level":"http","message":"Wed Sep 04 2024 GET /api/carts/carts/66580ec7d44997a22f1874ee","timestamp":"2024-09-05T01:12:33.630Z"}
{"level":"http","message":"Wed Sep 04 2024 POST /api/carts/66580ec7d44997a22f1874ee/purchase","timestamp":"2024-09-05T01:12:36.133Z"}
{"level":"http","message":"Wed Sep 04 2024 POST /api/carts/66580ec7d44997a22f1874ee/purchase","timestamp":"2024-09-05T01:12:36.160Z"}
{"level":"http","message":"Wed Sep 04 2024 GET /api/carts/carts/66580ec7d44997a22f1874ee","timestamp":"2024-09-05T01:13:01.329Z"}
{"level":"http","message":"Wed Sep 04 2024 POST /api/carts/66580ec7d44997a22f1874ee/purchase","timestamp":"2024-09-05T01:13:02.748Z"}
{"level":"http","message":"Wed Sep 04 2024 POST /api/carts/66580ec7d44997a22f1874ee/purchase","timestamp":"2024-09-05T01:13:02.777Z"}
{"level":"http","message":"Wed Sep 04 2024 GET /login","timestamp":"2024-09-05T01:13:26.198Z"}
{"level":"http","message":"Wed Sep 04 2024 GET /api/products/products","timestamp":"2024-09-05T01:13:26.209Z"}
{"level":"http","message":"Wed Sep 04 2024 GET /api/carts/carts/66580ec7d44997a22f1874ee","timestamp":"2024-09-05T01:13:43.295Z"}
{"level":"http","message":"Wed Sep 04 2024 POST /api/carts/66580ec7d44997a22f1874ee/purchase","timestamp":"2024-09-05T01:13:46.886Z"}
{"level":"http","message":"Wed Sep 04 2024 POST /api/carts/66580ec7d44997a22f1874ee/purchase","timestamp":"2024-09-05T01:13:46.917Z"}
{"level":"http","message":"Wed Sep 04 2024 GET /api/carts/carts/66580ec7d44997a22f1874ee","timestamp":"2024-09-05T01:14:09.889Z"}
{"level":"http","message":"Wed Sep 04 2024 POST /api/carts/66580ec7d44997a22f1874ee/purchase","timestamp":"2024-09-05T01:14:11.167Z"}
{"level":"http","message":"Wed Sep 04 2024 POST /api/carts/66580ec7d44997a22f1874ee/purchase","timestamp":"2024-09-05T01:14:11.197Z"}
{"level":"http","message":"Wed Sep 04 2024 GET /api/carts/carts/66580ec7d44997a22f1874ee","timestamp":"2024-09-05T01:14:22.560Z"}
{"level":"http","message":"Wed Sep 04 2024 POST /api/carts/66580ec7d44997a22f1874ee/purchase","timestamp":"2024-09-05T01:14:26.630Z"}
{"level":"http","message":"Wed Sep 04 2024 GET /api/carts/carts/66580ec7d44997a22f1874ee","timestamp":"2024-09-05T01:14:59.751Z"}
{"level":"http","message":"Wed Sep 04 2024 POST /api/carts/66580ec7d44997a22f1874ee/purchase","timestamp":"2024-09-05T01:15:00.922Z"}
{"level":"http","message":"Wed Sep 04 2024 GET /api/carts/carts/66580ec7d44997a22f1874ee","timestamp":"2024-09-05T01:15:10.484Z"}
{"level":"http","message":"Wed Sep 04 2024 GET /api/carts/carts/66580ec7d44997a22f1874ee","timestamp":"2024-09-05T01:15:11.928Z"}
{"level":"http","message":"Wed Sep 04 2024 POST /api/carts/66580ec7d44997a22f1874ee/purchase","timestamp":"2024-09-05T01:15:13.969Z"}
{"level":"http","message":"Wed Sep 04 2024 POST /api/carts/66580ec7d44997a22f1874ee/purchase","timestamp":"2024-09-05T01:15:13.999Z"}
{"level":"http","message":"Thu Sep 05 2024 GET /login","timestamp":"2024-09-05T03:47:59.680Z"}
{"level":"http","message":"Thu Sep 05 2024 GET /favicon.ico","timestamp":"2024-09-05T03:48:00.435Z"}
{"level":"http","message":"Thu Sep 05 2024 POST /api/auth/login","timestamp":"2024-09-05T03:48:08.576Z"}
{"level":"http","message":"Thu Sep 05 2024 GET /api/carts/carts/66580ec7d44997a22f1874ee","timestamp":"2024-09-05T03:48:15.538Z"}
{"level":"http","message":"Thu Sep 05 2024 POST /api/carts/66580ec7d44997a22f1874ee/purchase","timestamp":"2024-09-05T03:48:18.948Z"}
{"level":"http","message":"Thu Sep 05 2024 GET /api/carts/carts/66580ec7d44997a22f1874ee","timestamp":"2024-09-05T03:55:04.017Z"}
{"level":"http","message":"Thu Sep 05 2024 POST /api/carts/66580ec7d44997a22f1874ee/purchase","timestamp":"2024-09-05T03:55:06.633Z"}
{"level":"http","message":"Thu Sep 05 2024 GET /login","timestamp":"2024-09-05T03:55:11.698Z"}
{"level":"http","message":"Thu Sep 05 2024 POST /api/auth/login","timestamp":"2024-09-05T03:55:17.429Z"}
{"level":"http","message":"Thu Sep 05 2024 GET /api/carts/carts/66580ec7d44997a22f1874ee","timestamp":"2024-09-05T03:55:27.751Z"}
{"level":"http","message":"Thu Sep 05 2024 POST /api/carts/66580ec7d44997a22f1874ee/purchase","timestamp":"2024-09-05T03:55:30.429Z"}
{"level":"http","message":"Thu Sep 05 2024 GET /api/carts/carts/66580ec7d44997a22f1874ee","timestamp":"2024-09-05T04:01:43.031Z"}
{"level":"http","message":"Thu Sep 05 2024 POST /api/carts/66580ec7d44997a22f1874ee/purchase","timestamp":"2024-09-05T04:01:46.601Z"}
{"level":"http","message":"Thu Sep 05 2024 GET /login","timestamp":"2024-09-05T04:01:50.977Z"}
{"level":"http","message":"Thu Sep 05 2024 GET /api/auth/ghlogin","timestamp":"2024-09-05T04:01:53.098Z"}
{"level":"http","message":"Thu Sep 05 2024 GET /api/auth/ghlogincallback?code=51a805debeb11898f991","timestamp":"2024-09-05T04:01:53.616Z"}
{"level":"http","message":"Thu Sep 05 2024 GET /profile","timestamp":"2024-09-05T04:01:54.656Z"}
{"level":"http","message":"Thu Sep 05 2024 GET /api/carts/carts/66580ec7d44997a22f1874ee","timestamp":"2024-09-05T04:02:08.783Z"}
{"level":"http","message":"Thu Sep 05 2024 POST /api/carts/66580ec7d44997a22f1874ee/purchase","timestamp":"2024-09-05T04:02:11.421Z"}
{"level":"http","message":"Thu Sep 05 2024 GET /api/auth/logout?","timestamp":"2024-09-05T04:02:40.385Z"}
{"level":"http","message":"Thu Sep 05 2024 GET /login","timestamp":"2024-09-05T04:02:40.390Z"}
{"level":"http","message":"Thu Sep 05 2024 POST /api/auth/login","timestamp":"2024-09-05T04:02:45.377Z"}
{"level":"http","message":"Thu Sep 05 2024 GET /api/carts/carts/66580ec7d44997a22f1874ee","timestamp":"2024-09-05T04:02:51.056Z"}
{"level":"http","message":"Thu Sep 05 2024 POST /api/carts/66580ec7d44997a22f1874ee/purchase","timestamp":"2024-09-05T04:02:54.303Z"}
{"level":"http","message":"Thu Sep 05 2024 POST /api/carts/66580ec7d44997a22f1874ee/purchase","timestamp":"2024-09-05T04:04:26.342Z"}
{"level":"http","message":"Thu Sep 05 2024 GET /login","timestamp":"2024-09-05T04:04:46.880Z"}
{"level":"http","message":"Thu Sep 05 2024 GET /api/products/products","timestamp":"2024-09-05T04:04:46.890Z"}
{"level":"http","message":"Thu Sep 05 2024 GET /api/carts/carts/66580ec7d44997a22f1874ee","timestamp":"2024-09-05T04:04:52.936Z"}
{"level":"http","message":"Thu Sep 05 2024 POST /api/carts/66580ec7d44997a22f1874ee/purchase","timestamp":"2024-09-05T04:05:00.401Z"}
{"level":"http","message":"Thu Sep 05 2024 POST /api/carts/66580ec7d44997a22f1874ee/purchase","timestamp":"2024-09-05T04:06:04.844Z"}
{"level":"http","message":"Thu Sep 05 2024 GET /login","timestamp":"2024-09-05T04:11:55.932Z"}
{"level":"http","message":"Thu Sep 05 2024 POST /api/auth/login","timestamp":"2024-09-05T04:12:03.052Z"}
{"level":"http","message":"Thu Sep 05 2024 GET /api/carts/carts/66580ec7d44997a22f1874ee","timestamp":"2024-09-05T04:12:08.717Z"}
{"level":"http","message":"Thu Sep 05 2024 POST /api/carts/66580ec7d44997a22f1874ee/purchase","timestamp":"2024-09-05T04:12:11.449Z"}
{"level":"http","message":"Thu Sep 05 2024 GET /login","timestamp":"2024-09-05T04:16:05.580Z"}
{"level":"http","message":"Thu Sep 05 2024 POST /api/auth/login","timestamp":"2024-09-05T04:16:11.315Z"}
{"level":"http","message":"Thu Sep 05 2024 GET /api/carts/carts/66580ec7d44997a22f1874ee","timestamp":"2024-09-05T04:16:16.469Z"}
{"level":"http","message":"Thu Sep 05 2024 POST /api/carts/66580ec7d44997a22f1874ee/purchase","timestamp":"2024-09-05T04:16:19.004Z"}
{"level":"http","message":"Thu Sep 05 2024 GET /alog","timestamp":"2024-09-05T04:25:16.523Z"}
{"level":"http","message":"Thu Sep 05 2024 GET /login","timestamp":"2024-09-05T04:25:18.695Z"}
{"level":"http","message":"Thu Sep 05 2024 POST /api/auth/login","timestamp":"2024-09-05T04:25:25.245Z"}
{"level":"http","message":"Thu Sep 05 2024 GET /api/carts/carts/66580ec7d44997a22f1874ee","timestamp":"2024-09-05T04:25:31.221Z"}
{"level":"http","message":"Thu Sep 05 2024 POST /api/carts/66580ec7d44997a22f1874ee/purchase","timestamp":"2024-09-05T04:25:33.269Z"}
{"level":"http","message":"Thu Sep 05 2024 GET /login","timestamp":"2024-09-05T04:26:57.666Z"}
{"level":"http","message":"Thu Sep 05 2024 GET /api/products/products","timestamp":"2024-09-05T04:26:57.677Z"}
{"level":"http","message":"Thu Sep 05 2024 POST /api/carts/ID_DEL_CARRITO_AQUI/product/66580390675a23d9f2b2b5d5","timestamp":"2024-09-05T04:27:32.800Z"}
{"level":"http","message":"Thu Sep 05 2024 GET /api/carts/carts/66580ec7d44997a22f1874ee","timestamp":"2024-09-05T04:27:42.702Z"}
{"level":"http","message":"Thu Sep 05 2024 POST /api/carts/66580ec7d44997a22f1874ee/purchase","timestamp":"2024-09-05T04:27:46.296Z"}
{"level":"http","message":"Thu Sep 05 2024 GET /api/carts/carts/66580ec7d44997a22f1874ee","timestamp":"2024-09-05T04:30:37.099Z"}
{"level":"http","message":"Thu Sep 05 2024 POST /api/carts/66580ec7d44997a22f1874ee/purchase","timestamp":"2024-09-05T04:30:38.316Z"}
{"level":"http","message":"Thu Sep 05 2024 GET /login","timestamp":"2024-09-05T04:30:42.509Z"}
{"level":"http","message":"Thu Sep 05 2024 POST /api/auth/login","timestamp":"2024-09-05T04:30:48.177Z"}
{"level":"http","message":"Thu Sep 05 2024 GET /api/carts/carts/66580ec7d44997a22f1874ee","timestamp":"2024-09-05T04:30:54.036Z"}
{"level":"http","message":"Thu Sep 05 2024 POST /api/carts/66580ec7d44997a22f1874ee/purchase","timestamp":"2024-09-05T04:30:56.227Z"}
{"level":"http","message":"Thu Sep 05 2024 GET /login","timestamp":"2024-09-05T04:34:11.725Z"}
{"level":"http","message":"Thu Sep 05 2024 POST /api/auth/login","timestamp":"2024-09-05T04:34:17.762Z"}
{"level":"http","message":"Thu Sep 05 2024 GET /api/carts/carts/66580ec7d44997a22f1874ee","timestamp":"2024-09-05T04:34:22.870Z"}
{"level":"http","message":"Thu Sep 05 2024 POST /api/carts/66580ec7d44997a22f1874ee/purchase","timestamp":"2024-09-05T04:34:25.491Z"}
{"level":"http","message":"Thu Sep 05 2024 GET /login","timestamp":"2024-09-05T04:37:03.529Z"}
{"level":"http","message":"Thu Sep 05 2024 POST /api/auth/login","timestamp":"2024-09-05T04:37:08.736Z"}
{"level":"http","message":"Thu Sep 05 2024 GET /api/carts/carts/66580ec7d44997a22f1874ee","timestamp":"2024-09-05T04:37:13.558Z"}
{"level":"http","message":"Thu Sep 05 2024 POST /api/carts/66580ec7d44997a22f1874ee/purchase","timestamp":"2024-09-05T04:37:15.746Z"}
{"level":"http","message":"Thu Sep 05 2024 GET /api/products/products","timestamp":"2024-09-05T04:38:41.163Z"}
{"level":"http","message":"Thu Sep 05 2024 GET /api/products/products","timestamp":"2024-09-05T04:40:17.805Z"}
{"level":"http","message":"Thu Sep 05 2024 POST /api/carts/ID_DEL_CARRITO_AQUI/product/66580390675a23d9f2b2b5d5","timestamp":"2024-09-05T04:40:20.392Z"}
{"level":"http","message":"Thu Sep 05 2024 POST /api/carts/ID_DEL_CARRITO_AQUI/product/66580390675a23d9f2b2b5d5","timestamp":"2024-09-05T04:40:22.732Z"}
{"level":"http","message":"Thu Sep 05 2024 POST /api/carts/ID_DEL_CARRITO_AQUI/product/66580390675a23d9f2b2b5d5","timestamp":"2024-09-05T04:41:04.543Z"}
{"level":"http","message":"Thu Sep 05 2024 GET /api/auth/logout?","timestamp":"2024-09-05T04:47:39.276Z"}
{"level":"http","message":"Thu Sep 05 2024 GET /login","timestamp":"2024-09-05T04:47:39.288Z"}
{"level":"http","message":"Thu Sep 05 2024 POST /api/auth/login","timestamp":"2024-09-05T04:47:45.272Z"}
{"level":"http","message":"Thu Sep 05 2024 GET /api/products/products","timestamp":"2024-09-05T04:47:51.549Z"}
{"level":"http","message":"Thu Sep 05 2024 GET /api/carts/current","timestamp":"2024-09-05T04:47:53.254Z"}
{"level":"http","message":"Thu Sep 05 2024 GET /api/carts/current","timestamp":"2024-09-05T04:47:57.978Z"}
{"level":"http","message":"Thu Sep 05 2024 GET /api/products/products","timestamp":"2024-09-05T04:50:46.520Z"}
{"level":"http","message":"Thu Sep 05 2024 GET /login","timestamp":"2024-09-05T04:50:51.522Z"}
{"level":"http","message":"Thu Sep 05 2024 POST /api/auth/login","timestamp":"2024-09-05T04:50:56.622Z"}
{"level":"http","message":"Thu Sep 05 2024 GET /api/products/products","timestamp":"2024-09-05T04:51:01.739Z"}
{"level":"http","message":"Thu Sep 05 2024 GET /api/carts/current","timestamp":"2024-09-05T04:51:03.238Z"}
{"level":"http","message":"Thu Sep 05 2024 GET /api/auth/logout?","timestamp":"2024-09-05T04:56:33.631Z"}
{"level":"http","message":"Thu Sep 05 2024 GET /login","timestamp":"2024-09-05T04:56:33.646Z"}
{"level":"http","message":"Thu Sep 05 2024 POST /api/auth/login","timestamp":"2024-09-05T04:56:38.947Z"}
{"level":"http","message":"Thu Sep 05 2024 GET /api/products/products","timestamp":"2024-09-05T04:56:42.217Z"}
{"level":"http","message":"Thu Sep 05 2024 GET /api/carts/current","timestamp":"2024-09-05T04:56:44.461Z"}
{"level":"http","message":"Thu Sep 05 2024 GET /login","timestamp":"2024-09-05T19:04:48.442Z"}
{"level":"http","message":"Thu Sep 05 2024 GET /favicon.ico","timestamp":"2024-09-05T19:04:48.980Z"}
{"level":"http","message":"Thu Sep 05 2024 POST /api/auth/login","timestamp":"2024-09-05T19:04:54.930Z"}
{"level":"http","message":"Thu Sep 05 2024 GET /api/products/products","timestamp":"2024-09-05T19:05:00.451Z"}
{"level":"http","message":"Thu Sep 05 2024 GET /api/auth/logout?","timestamp":"2024-09-05T19:05:02.918Z"}
{"level":"http","message":"Thu Sep 05 2024 GET /login","timestamp":"2024-09-05T19:05:02.924Z"}
{"level":"http","message":"Thu Sep 05 2024 GET /login","timestamp":"2024-09-05T19:05:56.541Z"}
{"level":"http","message":"Thu Sep 05 2024 POST /api/auth/login","timestamp":"2024-09-05T19:06:03.021Z"}
{"level":"http","message":"Thu Sep 05 2024 GET /api/carts/carts/66580ec7d44997a22f1874ee","timestamp":"2024-09-05T19:06:06.667Z"}
{"level":"http","message":"Thu Sep 05 2024 GET /api/products/products","timestamp":"2024-09-05T19:06:13.803Z"}
{"level":"http","message":"Thu Sep 05 2024 GET /api/auth/logout?","timestamp":"2024-09-05T19:06:15.028Z"}
{"level":"http","message":"Thu Sep 05 2024 GET /login","timestamp":"2024-09-05T19:06:15.032Z"}
{"level":"http","message":"Thu Sep 05 2024 GET /login","timestamp":"2024-09-05T19:06:56.516Z"}
{"level":"http","message":"Thu Sep 05 2024 POST /api/auth/login","timestamp":"2024-09-05T19:07:01.200Z"}
{"level":"http","message":"Thu Sep 05 2024 GET /api/products/products","timestamp":"2024-09-05T19:07:05.739Z"}
{"level":"http","message":"Thu Sep 05 2024 GET /api/auth/logout?","timestamp":"2024-09-05T19:07:07.492Z"}
{"level":"http","message":"Thu Sep 05 2024 GET /login","timestamp":"2024-09-05T19:07:07.496Z"}
{"level":"http","message":"Thu Sep 05 2024 GET /login","timestamp":"2024-09-05T19:08:20.514Z"}
{"level":"http","message":"Thu Sep 05 2024 POST /api/auth/login","timestamp":"2024-09-05T19:08:24.814Z"}
{"level":"http","message":"Thu Sep 05 2024 GET /api/products/products","timestamp":"2024-09-05T19:08:29.321Z"}
{"level":"http","message":"Thu Sep 05 2024 GET /api/auth/logout?","timestamp":"2024-09-05T19:08:30.152Z"}
{"level":"http","message":"Thu Sep 05 2024 GET /login","timestamp":"2024-09-05T19:08:30.155Z"}
{"level":"http","message":"Thu Sep 05 2024 GET /login","timestamp":"2024-09-05T19:08:38.618Z"}
{"level":"http","message":"Thu Sep 05 2024 POST /api/auth/login","timestamp":"2024-09-05T19:08:42.362Z"}
{"level":"http","message":"Thu Sep 05 2024 GET /api/products/products","timestamp":"2024-09-05T19:08:46.365Z"}
{"level":"http","message":"Thu Sep 05 2024 POST /api/carts","timestamp":"2024-09-05T19:08:47.327Z"}
{"level":"http","message":"Thu Sep 05 2024 GET /api/auth/logout?","timestamp":"2024-09-05T19:08:47.335Z"}
{"level":"http","message":"Thu Sep 05 2024 GET /login","timestamp":"2024-09-05T19:08:47.341Z"}
{"level":"http","message":"Thu Sep 05 2024 GET /api/products/products","timestamp":"2024-09-05T19:09:19.262Z"}
{"level":"http","message":"Thu Sep 05 2024 GET /api/carts/current","timestamp":"2024-09-05T19:09:22.504Z"}
{"level":"http","message":"Thu Sep 05 2024 GET /api/carts/current","timestamp":"2024-09-05T19:09:29.044Z"}
{"level":"http","message":"Thu Sep 05 2024 GET /login","timestamp":"2024-09-05T19:16:39.279Z"}
{"level":"http","message":"Thu Sep 05 2024 POST /api/auth/login","timestamp":"2024-09-05T19:16:45.862Z"}
{"level":"http","message":"Thu Sep 05 2024 GET /api/products/products","timestamp":"2024-09-05T19:16:50.309Z"}
{"level":"http","message":"Thu Sep 05 2024 POST /api/carts","timestamp":"2024-09-05T19:16:51.846Z"}
{"level":"http","message":"Thu Sep 05 2024 GET /api/auth/logout?","timestamp":"2024-09-05T19:16:51.855Z"}
{"level":"http","message":"Thu Sep 05 2024 GET /login","timestamp":"2024-09-05T19:16:51.861Z"}
{"level":"http","message":"Thu Sep 05 2024 GET /login","timestamp":"2024-09-05T19:18:33.656Z"}
{"level":"http","message":"Thu Sep 05 2024 POST /api/auth/login","timestamp":"2024-09-05T19:18:39.144Z"}
{"level":"http","message":"Thu Sep 05 2024 GET /api/products/products","timestamp":"2024-09-05T19:18:42.906Z"}
{"level":"http","message":"Thu Sep 05 2024 POST /api/carts","timestamp":"2024-09-05T19:18:43.903Z"}
{"level":"http","message":"Thu Sep 05 2024 GET /api/auth/logout?","timestamp":"2024-09-05T19:18:43.912Z"}
{"level":"http","message":"Thu Sep 05 2024 GET /login","timestamp":"2024-09-05T19:18:43.919Z"}
{"level":"http","message":"Thu Sep 05 2024 GET /api/carts/carts/66580ec7d44997a22f1874ee","timestamp":"2024-09-05T19:38:46.306Z"}
{"level":"http","message":"Thu Sep 05 2024 GET /login","timestamp":"2024-09-05T19:57:00.360Z"}
{"level":"http","message":"Thu Sep 05 2024 POST /api/auth/login","timestamp":"2024-09-05T19:57:04.499Z"}
{"level":"http","message":"Thu Sep 05 2024 GET /api/products/products","timestamp":"2024-09-05T19:57:08.409Z"}
{"level":"http","message":"Thu Sep 05 2024 GET /api/carts/current","timestamp":"2024-09-05T19:57:10.414Z"}
{"level":"http","message":"Thu Sep 05 2024 POST /api/carts","timestamp":"2024-09-05T19:57:16.735Z"}
{"level":"http","message":"Thu Sep 05 2024 GET /api/auth/logout?","timestamp":"2024-09-05T19:57:16.744Z"}
{"level":"http","message":"Thu Sep 05 2024 GET /login","timestamp":"2024-09-05T19:57:16.750Z"}
{"level":"http","message":"Thu Sep 05 2024 POST /api/auth/login","timestamp":"2024-09-05T19:58:04.435Z"}
{"level":"http","message":"Thu Sep 05 2024 GET /api/products/products","timestamp":"2024-09-05T19:58:08.775Z"}
{"level":"http","message":"Thu Sep 05 2024 GET /api/carts/current","timestamp":"2024-09-05T19:58:11.218Z"}
{"level":"http","message":"Thu Sep 05 2024 GET /login","timestamp":"2024-09-05T20:03:38.293Z"}
{"level":"http","message":"Thu Sep 05 2024 GET /api/products/products","timestamp":"2024-09-05T20:03:38.305Z"}
{"level":"http","message":"Thu Sep 05 2024 GET /api/carts/current","timestamp":"2024-09-05T20:03:43.434Z"}
{"level":"http","message":"Thu Sep 05 2024 GET /api/carts/current","timestamp":"2024-09-05T20:03:51.433Z"}
{"level":"http","message":"Thu Sep 05 2024 POST /api/carts","timestamp":"2024-09-05T20:03:53.646Z"}
{"level":"http","message":"Thu Sep 05 2024 GET /api/auth/logout?","timestamp":"2024-09-05T20:03:53.656Z"}
{"level":"http","message":"Thu Sep 05 2024 GET /login","timestamp":"2024-09-05T20:03:53.661Z"}
{"level":"http","message":"Thu Sep 05 2024 POST /api/auth/login","timestamp":"2024-09-05T20:03:58.839Z"}
{"level":"http","message":"Thu Sep 05 2024 GET /api/carts/carts/66580ec7d44997a22f1874ee","timestamp":"2024-09-05T20:04:03.244Z"}
{"level":"http","message":"Thu Sep 05 2024 GET /api/products/products","timestamp":"2024-09-05T20:04:04.670Z"}
{"level":"http","message":"Thu Sep 05 2024 GET /api/carts/current","timestamp":"2024-09-05T20:04:06.556Z"}
{"level":"http","message":"Thu Sep 05 2024 GET /api/carts/current","timestamp":"2024-09-05T20:04:11.914Z"}
{"level":"http","message":"Thu Sep 05 2024 POST /api/carts","timestamp":"2024-09-05T20:04:15.504Z"}
{"level":"http","message":"Thu Sep 05 2024 GET /api/auth/logout?","timestamp":"2024-09-05T20:04:15.513Z"}
{"level":"http","message":"Thu Sep 05 2024 GET /login","timestamp":"2024-09-05T20:04:15.517Z"}
{"level":"http","message":"Thu Sep 05 2024 GET /api/products/products","timestamp":"2024-09-05T20:04:18.850Z"}
{"level":"http","message":"Thu Sep 05 2024 GET /api/carts/current","timestamp":"2024-09-05T20:04:20.322Z"}
{"level":"http","message":"Thu Sep 05 2024 GET /api/auth/logout?","timestamp":"2024-09-05T20:04:23.105Z"}
{"level":"http","message":"Thu Sep 05 2024 GET /login","timestamp":"2024-09-05T20:04:23.109Z"}
{"level":"http","message":"Thu Sep 05 2024 GET /login","timestamp":"2024-09-05T20:25:46.016Z"}
{"level":"http","message":"Thu Sep 05 2024 POST /api/auth/login","timestamp":"2024-09-05T20:25:51.618Z"}
{"level":"http","message":"Thu Sep 05 2024 GET /api/products/products","timestamp":"2024-09-05T20:25:56.856Z"}
{"level":"http","message":"Thu Sep 05 2024 GET /api/carts/current","timestamp":"2024-09-05T20:25:58.739Z"}
{"level":"http","message":"Thu Sep 05 2024 POST /api/carts","timestamp":"2024-09-05T20:26:03.717Z"}
{"level":"http","message":"Thu Sep 05 2024 GET /api/auth/logout?","timestamp":"2024-09-05T20:26:03.725Z"}
{"level":"http","message":"Thu Sep 05 2024 GET /login","timestamp":"2024-09-05T20:26:03.732Z"}
{"level":"http","message":"Thu Sep 05 2024 POST /api/auth/login","timestamp":"2024-09-05T20:29:42.575Z"}
{"level":"http","message":"Thu Sep 05 2024 GET /api/products/products","timestamp":"2024-09-05T20:29:47.045Z"}
{"level":"http","message":"Thu Sep 05 2024 POST /api/carts","timestamp":"2024-09-05T20:29:48.433Z"}
{"level":"http","message":"Thu Sep 05 2024 GET /api/auth/logout?","timestamp":"2024-09-05T20:29:48.465Z"}
{"level":"http","message":"Thu Sep 05 2024 GET /login","timestamp":"2024-09-05T20:29:48.470Z"}
{"level":"http","message":"Thu Sep 05 2024 POST /api/carts/66580390675a23d9f2b2b5d5/66da01bf8ecb0876508d518a","timestamp":"2024-09-05T20:31:14.882Z"}
{"level":"http","message":"Thu Sep 05 2024 POST /api/carts/66580390675a23d9f2b2b5d5/product/66da01bf8ecb0876508d518a","timestamp":"2024-09-05T20:31:57.966Z"}
{"level":"http","message":"Thu Sep 05 2024 POST /api/carts/66580390675a23d9f2b2b5d5/product/66da01bf8ecb0876508d518a","timestamp":"2024-09-05T20:32:40.657Z"}
{"level":"http","message":"Thu Sep 05 2024 POST /api/carts/66580390675a23d9f2b2b5d5/product/66da01bf8ecb0876508d518a","timestamp":"2024-09-05T20:32:42.891Z"}
{"level":"http","message":"Thu Sep 05 2024 POST /api/carts/66580390675a23d9f2b2b5d5/product/66da01bf8ecb0876508d518a","timestamp":"2024-09-05T20:32:52.004Z"}
{"level":"http","message":"Thu Sep 05 2024 POST /api/carts/66580390675a23d9f2b2b5d5/product/66da01bf8ecb0876508d518a","timestamp":"2024-09-05T20:34:22.369Z"}
{"level":"http","message":"Thu Sep 05 2024 POST /api/carts/66580390675a23d9f2b2b5d5/product/66da01bf8ecb0876508d518a","timestamp":"2024-09-05T20:34:24.067Z"}
{"level":"http","message":"Thu Sep 05 2024 POST /api/carts/66580390675a23d9f2b2b5d5/product/66da01bf8ecb0876508d518a","timestamp":"2024-09-05T20:34:25.050Z"}
{"level":"http","message":"Thu Sep 05 2024 POST /api/auth/login","timestamp":"2024-09-05T20:34:33.542Z"}
{"level":"http","message":"Thu Sep 05 2024 POST /api/carts/66580390675a23d9f2b2b5d5/product/66da01bf8ecb0876508d518a","timestamp":"2024-09-05T20:34:36.970Z"}
{"level":"http","message":"Thu Sep 05 2024 POST /api/carts/66580390675a23d9f2b2b5d5/product/66da01bf8ecb0876508d518a","timestamp":"2024-09-05T20:35:21.825Z"}
{"level":"http","message":"Thu Sep 05 2024 POST /api/auth/login","timestamp":"2024-09-05T20:35:28.988Z"}
{"level":"http","message":"Thu Sep 05 2024 POST /api/carts/66580390675a23d9f2b2b5d5/product/66da01bf8ecb0876508d518a","timestamp":"2024-09-05T20:35:34.118Z"}
{"level":"http","message":"Thu Sep 05 2024 POST /api/auth/login","timestamp":"2024-09-05T20:36:43.842Z"}
{"level":"http","message":"Thu Sep 05 2024 GET /api/products/products","timestamp":"2024-09-05T20:36:47.458Z"}
{"level":"http","message":"Thu Sep 05 2024 GET /api/carts/current","timestamp":"2024-09-05T20:36:49.104Z"}
{"level":"http","message":"Thu Sep 05 2024 GET /api/carts/current","timestamp":"2024-09-05T20:37:01.803Z"}
{"level":"http","message":"Thu Sep 05 2024 POST /api/carts","timestamp":"2024-09-05T20:37:05.623Z"}
{"level":"http","message":"Thu Sep 05 2024 GET /api/auth/logout?","timestamp":"2024-09-05T20:37:05.632Z"}
{"level":"http","message":"Thu Sep 05 2024 GET /login","timestamp":"2024-09-05T20:37:05.639Z"}
{"level":"http","message":"Thu Sep 05 2024 GET /login","timestamp":"2024-09-05T20:41:44.748Z"}
{"level":"http","message":"Thu Sep 05 2024 GET /api/products/products","timestamp":"2024-09-05T20:41:44.759Z"}
{"level":"http","message":"Thu Sep 05 2024 GET /api/carts/current","timestamp":"2024-09-05T20:41:49.687Z"}
{"level":"http","message":"Thu Sep 05 2024 GET /api/carts/current","timestamp":"2024-09-05T20:41:53.048Z"}
{"level":"http","message":"Thu Sep 05 2024 POST /api/carts","timestamp":"2024-09-05T20:41:54.522Z"}
{"level":"http","message":"Thu Sep 05 2024 GET /api/auth/logout?","timestamp":"2024-09-05T20:41:54.532Z"}
{"level":"http","message":"Thu Sep 05 2024 GET /login","timestamp":"2024-09-05T20:41:54.537Z"}
{"level":"http","message":"Thu Sep 05 2024 POST /api/auth/login","timestamp":"2024-09-05T20:41:59.567Z"}
{"level":"http","message":"Thu Sep 05 2024 GET /api/carts/carts/66580ec7d44997a22f1874ee","timestamp":"2024-09-05T20:42:04.825Z"}
{"level":"http","message":"Thu Sep 05 2024 GET /api/products/products","timestamp":"2024-09-05T20:42:19.187Z"}
{"level":"http","message":"Thu Sep 05 2024 GET /api/carts/current","timestamp":"2024-09-05T20:42:20.385Z"}
{"level":"http","message":"Thu Sep 05 2024 POST /api/carts/66580390675a23d9f2b2b5d5/product/66da01bf8ecb0876508d518a","timestamp":"2024-09-05T20:42:32.922Z"}
{"level":"http","message":"Thu Sep 05 2024 POST /api/carts/66580390675a23d9f2b2b5d5/product/66da01bf8ecb0876508d518a","timestamp":"2024-09-05T20:42:35.263Z"}
{"level":"http","message":"Thu Sep 05 2024 POST /api/carts/66580390675a23d9f2b2b5d5/product/66da01bf8ecb0876508d518a","timestamp":"2024-09-05T20:44:33.078Z"}
{"level":"http","message":"Thu Sep 05 2024 GET /api/carts/current","timestamp":"2024-09-05T20:45:03.589Z"}
{"level":"http","message":"Thu Sep 05 2024 GET /api/carts/current","timestamp":"2024-09-05T20:45:04.616Z"}
{"level":"http","message":"Thu Sep 05 2024 GET /api/carts/current","timestamp":"2024-09-05T20:45:05.083Z"}
{"level":"http","message":"Thu Sep 05 2024 POST /api/carts/66580390675a23d9f2b2b5d5/product/66da01bf8ecb0876508d518a","timestamp":"2024-09-05T20:45:10.718Z"}
{"level":"http","message":"Thu Sep 05 2024 POST /api/carts/66580390675a23d9f2b2b5d5/product/66da01bf8ecb0876508d518a","timestamp":"2024-09-05T20:46:17.444Z"}
{"level":"http","message":"Thu Sep 05 2024 POST /api/carts/66580390675a23d9f2b2b5d5/product/66da01bf8ecb0876508d518a","timestamp":"2024-09-05T20:46:25.434Z"}
{"level":"http","message":"Thu Sep 05 2024 POST /api/carts/66580390675a23d9f2b2b5d5/product/66da01bf8ecb0876508d518a","timestamp":"2024-09-05T20:47:00.183Z"}
{"level":"http","message":"Thu Sep 05 2024 POST /api/carts/66580390675a23d9f2b2b5d5/product/66da01bf8ecb0876508d518a","timestamp":"2024-09-05T20:47:01.241Z"}
{"level":"http","message":"Thu Sep 05 2024 POST /api/carts/66580390675a23d9f2b2b5d5/product/66da01bf8ecb0876508d518a","timestamp":"2024-09-05T20:47:09.268Z"}
{"level":"http","message":"Thu Sep 05 2024 POST /api/carts//66da01bf8ecb0876508d518a/product/66580390675a23d9f2b2b5d5","timestamp":"2024-09-05T20:47:43.481Z"}
{"level":"http","message":"Thu Sep 05 2024 POST /api/carts//66da01bf8ecb0876508d518a/product/66580390675a23d9f2b2b5d5","timestamp":"2024-09-05T20:47:45.896Z"}
{"level":"http","message":"Thu Sep 05 2024 POST /api/carts//66580390675a23d9f2b2b5d5/product/66da01bf8ecb0876508d518a","timestamp":"2024-09-05T20:47:55.157Z"}
{"level":"http","message":"Thu Sep 05 2024 POST /api/carts//66580390675a23d9f2b2b5d5/product/66580390675a23d9f2b2b5d5","timestamp":"2024-09-05T20:51:35.112Z"}
{"level":"http","message":"Thu Sep 05 2024 POST /api/carts//66580ec7d44997a22f1874ee/product/66580390675a23d9f2b2b5d5","timestamp":"2024-09-05T20:51:44.538Z"}
{"level":"http","message":"Thu Sep 05 2024 POST /api/carts//66580ec7d44997a22f1874ee/product/66580390675a23d9f2b2b5d5","timestamp":"2024-09-05T20:54:26.028Z"}
{"level":"http","message":"Thu Sep 05 2024 POST /api/auth/login","timestamp":"2024-09-05T20:57:31.830Z"}
{"level":"http","message":"Thu Sep 05 2024 POST /api/auth/login","timestamp":"2024-09-05T21:01:05.695Z"}
{"level":"http","message":"Thu Sep 05 2024 POST /api/auth/login","timestamp":"2024-09-05T21:04:05.010Z"}
{"level":"http","message":"Thu Sep 05 2024 POST /api/auth/login","timestamp":"2024-09-05T21:09:54.333Z"}
{"level":"http","message":"Thu Sep 05 2024 POST /api/carts//66580ec7d44997a22f1874ee/product/66580390675a23d9f2b2b5d5","timestamp":"2024-09-05T21:10:13.571Z"}
{"level":"http","message":"Thu Sep 05 2024 POST /api/auth/login","timestamp":"2024-09-05T21:11:58.533Z"}
{"level":"http","message":"Thu Sep 05 2024 POST /api/carts//66580ec7d44997a22f1874ee/product/66580390675a23d9f2b2b5d5","timestamp":"2024-09-05T21:12:19.045Z"}
{"level":"http","message":"Thu Sep 05 2024 POST /api/auth/login","timestamp":"2024-09-05T21:16:21.076Z"}
{"level":"http","message":"Thu Sep 05 2024 POST /api/auth/login","timestamp":"2024-09-05T21:17:32.189Z"}
{"level":"http","message":"Thu Sep 05 2024 GET /api/auth/logout?","timestamp":"2024-09-05T21:17:56.368Z"}
{"level":"http","message":"Thu Sep 05 2024 GET /login","timestamp":"2024-09-05T21:17:56.374Z"}
{"level":"http","message":"Thu Sep 05 2024 POST /api/auth/login","timestamp":"2024-09-05T21:18:01.731Z"}
{"level":"http","message":"Thu Sep 05 2024 GET /api/products/products","timestamp":"2024-09-05T21:18:08.932Z"}
{"level":"http","message":"Thu Sep 05 2024 GET /api/carts/current","timestamp":"2024-09-05T21:18:10.851Z"}
{"level":"http","message":"Thu Sep 05 2024 POST /api/carts","timestamp":"2024-09-05T21:18:13.054Z"}
{"level":"http","message":"Thu Sep 05 2024 GET /api/auth/logout?","timestamp":"2024-09-05T21:18:13.063Z"}
{"level":"http","message":"Thu Sep 05 2024 GET /login","timestamp":"2024-09-05T21:18:13.067Z"}
{"level":"http","message":"Thu Sep 05 2024 POST /api/auth/login","timestamp":"2024-09-05T22:05:25.120Z"}
{"level":"http","message":"Thu Sep 05 2024 GET /api/carts/carts/66580ec7d44997a22f1874ee","timestamp":"2024-09-05T22:05:34.114Z"}
{"level":"http","message":"Thu Sep 05 2024 POST /api/carts/66580ec7d44997a22f1874ee/purchase","timestamp":"2024-09-05T22:06:02.066Z"}
{"level":"http","message":"Thu Sep 05 2024 GET /api/carts/carts/66580ec7d44997a22f1874ee","timestamp":"2024-09-05T22:06:46.852Z"}
{"level":"http","message":"Thu Sep 05 2024 POST /api/carts/66580ec7d44997a22f1874ee/purchase","timestamp":"2024-09-05T22:06:48.429Z"}
{"level":"http","message":"Thu Sep 05 2024 GET /api/carts/carts/66580ec7d44997a22f1874ee","timestamp":"2024-09-05T22:06:50.588Z"}
{"level":"http","message":"Thu Sep 05 2024 GET /login","timestamp":"2024-09-05T22:06:58.149Z"}
{"level":"http","message":"Thu Sep 05 2024 POST /api/auth/login","timestamp":"2024-09-05T22:07:48.069Z"}
{"level":"http","message":"Thu Sep 05 2024 POST /api/auth/login","timestamp":"2024-09-05T22:10:29.049Z"}
{"level":"http","message":"Thu Sep 05 2024 GET /login","timestamp":"2024-09-05T22:10:53.193Z"}
{"level":"http","message":"Thu Sep 05 2024 GET /api/products/products","timestamp":"2024-09-05T22:10:53.238Z"}
{"level":"http","message":"Thu Sep 05 2024 POST /api/auth/login","timestamp":"2024-09-05T22:10:56.733Z"}
{"level":"http","message":"Thu Sep 05 2024 GET /login","timestamp":"2024-09-05T22:11:36.692Z"}
{"level":"http","message":"Thu Sep 05 2024 GET /api/products/products","timestamp":"2024-09-05T22:11:36.696Z"}
{"level":"http","message":"Thu Sep 05 2024 GET /api/carts/current","timestamp":"2024-09-05T22:11:41.043Z"}
{"level":"http","message":"Thu Sep 05 2024 POST /api/carts","timestamp":"2024-09-05T22:11:56.474Z"}
{"level":"http","message":"Thu Sep 05 2024 GET /api/auth/logout?","timestamp":"2024-09-05T22:11:56.483Z"}
{"level":"http","message":"Thu Sep 05 2024 GET /login","timestamp":"2024-09-05T22:11:56.488Z"}
{"level":"http","message":"Thu Sep 05 2024 POST /api/auth/login","timestamp":"2024-09-05T22:12:04.507Z"}
{"level":"http","message":"Thu Sep 05 2024 GET /api/products/products","timestamp":"2024-09-05T22:12:23.910Z"}
{"level":"http","message":"Thu Sep 05 2024 GET /api/carts/current","timestamp":"2024-09-05T22:12:26.030Z"}
{"level":"http","message":"Thu Sep 05 2024 GET /api/auth/logout?","timestamp":"2024-09-05T22:12:48.671Z"}
{"level":"http","message":"Thu Sep 05 2024 GET /login","timestamp":"2024-09-05T22:12:48.676Z"}
{"level":"http","message":"Thu Sep 05 2024 GET /login","timestamp":"2024-09-05T22:12:55.141Z"}
{"level":"http","message":"Thu Sep 05 2024 POST /api/auth/login","timestamp":"2024-09-05T22:13:00.623Z"}
{"level":"http","message":"Thu Sep 05 2024 POST /api/auth/login","timestamp":"2024-09-05T22:16:52.023Z"}
{"level":"http","message":"Thu Sep 05 2024 GET /login","timestamp":"2024-09-05T22:17:02.176Z"}
{"level":"http","message":"Thu Sep 05 2024 GET /api/products/products","timestamp":"2024-09-05T22:17:02.187Z"}
{"level":"http","message":"Thu Sep 05 2024 GET /api/carts/carts/66580ec7d44997a22f1874ee","timestamp":"2024-09-05T22:17:02.972Z"}
{"level":"http","message":"Thu Sep 05 2024 POST /api/carts/66580ec7d44997a22f1874ee/purchase","timestamp":"2024-09-05T22:17:05.447Z"}
{"level":"http","message":"Thu Sep 05 2024 GET /api/carts/carts/66580ec7d44997a22f1874ee","timestamp":"2024-09-05T22:17:35.636Z"}
{"level":"http","message":"Thu Sep 05 2024 POST /api/carts/66580ec7d44997a22f1874ee/purchase","timestamp":"2024-09-05T22:17:41.813Z"}
{"level":"http","message":"Thu Sep 05 2024 POST /api/carts/66580ec7d44997a22f1874ee/purchase","timestamp":"2024-09-05T22:21:42.702Z"}
{"level":"http","message":"Thu Sep 05 2024 GET /login","timestamp":"2024-09-05T22:21:54.747Z"}
{"level":"http","message":"Thu Sep 05 2024 GET /api/products/products","timestamp":"2024-09-05T22:21:54.752Z"}
{"level":"http","message":"Thu Sep 05 2024 GET /api/auth/logout?","timestamp":"2024-09-05T22:21:59.522Z"}
{"level":"http","message":"Thu Sep 05 2024 GET /login","timestamp":"2024-09-05T22:21:59.527Z"}
{"level":"http","message":"Thu Sep 05 2024 POST /api/auth/login","timestamp":"2024-09-05T22:22:03.350Z"}
{"level":"http","message":"Thu Sep 05 2024 POST /api/carts/66580ec7d44997a22f1874ee/purchase","timestamp":"2024-09-05T22:22:47.080Z"}
{"level":"http","message":"Thu Sep 05 2024 POST /api/carts/66580ec7d44997a22f1874ee/purchase","timestamp":"2024-09-05T22:23:12.620Z"}
{"level":"http","message":"Thu Sep 05 2024 POST /api/auth/login","timestamp":"2024-09-05T22:24:00.865Z"}
{"level":"http","message":"Thu Sep 05 2024 POST /api/carts/66580ec7d44997a22f1874ee/purchase","timestamp":"2024-09-05T22:24:12.962Z"}
{"level":"http","message":"Thu Sep 05 2024 POST /api/auth/login","timestamp":"2024-09-05T22:25:20.716Z"}
{"level":"http","message":"Thu Sep 05 2024 POST /api/carts/66580ec7d44997a22f1874ee/purchase","timestamp":"2024-09-05T22:25:31.766Z"}
